<?xml version="1.0" encoding="UTF-8"?>
<!-- Generated by org.testng.reporters.JUnitReportReporter -->
<testsuite skipped="0" hostname="DESKTOP-LI51MAN" name="com.testngDemo.Demo2" tests="3" failures="0" timestamp="2021-02-21T18:15:42 IST" time="0.016" errors="0">
  <testcase name="test01" time="0.011" classname="com.testngDemo.Demo2"/>
  <system-out/>
  <testcase name="test03" time="0.002" classname="com.testngDemo.Demo2"/>
  <system-out/>
  <testcase name="test05" time="0.003" classname="com.testngDemo.Demo2"/>
  <system-out/>
</testsuite> <!-- com.testngDemo.Demo2 -->
