<?xml version="1.0" encoding="UTF-8"?>
<!-- Generated by org.testng.reporters.JUnitReportReporter -->
<testsuite skipped="0" hostname="DESKTOP-LI51MAN" name="com.redbus.testcases.RedbusSearchBuses" tests="1" failures="0" timestamp="2021-03-17T22:49:53 IST" time="26.160" errors="0">
  <testcase name="locationFill" time="26.160" classname="com.redbus.testcases.RedbusSearchBuses"/>
  <system-out/>
</testsuite> <!-- com.redbus.testcases.RedbusSearchBuses -->
