<?xml version="1.0" encoding="UTF-8"?>
<!-- Generated by org.testng.reporters.JUnitReportReporter -->
<testsuite skipped="0" hostname="DESKTOP-LI51MAN" name="com.flipcart.Testcases.FlipcartAddToCart" tests="1" failures="0" timestamp="2021-03-17T23:34:48 IST" time="30.159" errors="0">
  <testcase name="checkLogin" time="30.159" classname="com.flipcart.Testcases.FlipcartAddToCart"/>
  <system-out/>
</testsuite> <!-- com.flipcart.Testcases.FlipcartAddToCart -->
