<?xml version="1.0" encoding="UTF-8"?>
<!-- Generated by org.testng.reporters.JUnitReportReporter -->
<testsuite skipped="0" hostname="DESKTOP-LI51MAN" name="com.selenium.basics.TotalDate" tests="1" failures="0" timestamp="2021-02-12T17:23:35 IST" time="15.529" errors="0">
  <testcase name="fBopen" time="15.529" classname="com.selenium.basics.TotalDate"/>
  <system-out/>
</testsuite> <!-- com.selenium.basics.TotalDate -->
