<?xml version="1.0" encoding="UTF-8"?>
<!-- Generated by org.testng.reporters.JUnitReportReporter -->
<testsuite skipped="0" hostname="DESKTOP-LI51MAN" name="com.selenium.basics.DashboardPageWindowsHandlesConcept" tests="1" failures="0" timestamp="2021-02-19T10:44:17 IST" time="18.665" errors="0">
  <testcase name="DashBoardWindowHandles" time="18.665" classname="com.selenium.basics.DashboardPageWindowsHandlesConcept"/>
  <system-out/>
</testsuite> <!-- com.selenium.basics.DashboardPageWindowsHandlesConcept -->
