<?xml version="1.0" encoding="UTF-8"?>
<!-- Generated by org.testng.reporters.JUnitReportReporter -->
<testsuite skipped="0" hostname="DESKTOP-LI51MAN" name="com.selenium.basics.OperatorPage" tests="1" failures="0" timestamp="2021-03-23T20:19:57 IST" time="0.252" errors="0">
  <testcase name="getPrefarableWayToConnection" time="0.252" classname="com.selenium.basics.OperatorPage"/>
  <system-out/>
</testsuite> <!-- com.selenium.basics.OperatorPage -->
