<?xml version="1.0" encoding="UTF-8"?>
<!-- Generated by org.testng.reporters.JUnitReportReporter -->
<testsuite skipped="0" hostname="DESKTOP-LI51MAN" name="com.selenium.basics.myShopPrime" tests="1" failures="0" timestamp="2021-03-24T23:24:25 IST" time="26.777" errors="0">
  <testcase name="openBrowser" time="26.777" classname="com.selenium.basics.myShopPrime"/>
  <system-out/>
</testsuite> <!-- com.selenium.basics.myShopPrime -->
