<?xml version="1.0" encoding="UTF-8"?>
<!-- Generated by org.testng.reporters.JUnitReportReporter -->
<testsuite skipped="0" hostname="DESKTOP-LI51MAN" name="com.selenium.basics.ListenersDemo" tests="1" failures="0" timestamp="2021-02-28T15:25:47 IST" time="12.545" errors="0">
  <testcase name="test01" time="12.545" classname="com.selenium.basics.ListenersDemo"/>
  <system-out/>
</testsuite> <!-- com.selenium.basics.ListenersDemo -->
