<?xml version="1.0" encoding="UTF-8"?>
<!-- Generated by org.testng.reporters.JUnitReportReporter -->
<testsuite skipped="0" hostname="DESKTOP-LI51MAN" name="com.selenium.basics.DataProviderOnAddUserPage" tests="4" failures="0" timestamp="2021-02-26T10:19:19 IST" time="7.360" errors="0">
  <testcase name="addUser" time="1.773" classname="com.selenium.basics.DataProviderOnAddUserPage"/>
  <system-out/>
  <testcase name="addUser" time="1.769" classname="com.selenium.basics.DataProviderOnAddUserPage"/>
  <system-out/>
  <testcase name="addUser" time="1.938" classname="com.selenium.basics.DataProviderOnAddUserPage"/>
  <system-out/>
  <testcase name="addUser" time="1.880" classname="com.selenium.basics.DataProviderOnAddUserPage"/>
  <system-out/>
</testsuite> <!-- com.selenium.basics.DataProviderOnAddUserPage -->
