<?xml version="1.0" encoding="UTF-8"?>
<!-- Generated by org.testng.reporters.JUnitReportReporter -->
<testsuite skipped="0" hostname="DESKTOP-LI51MAN" name="com.selenium.basics.TodayDate" tests="1" failures="0" timestamp="2021-02-12T17:51:45 IST" time="11.678" errors="0">
  <testcase name="fbDateFormat" time="11.678" classname="com.selenium.basics.TodayDate"/>
  <system-out/>
</testsuite> <!-- com.selenium.basics.TodayDate -->
