<?xml version="1.0" encoding="UTF-8"?>
<!-- Generated by org.testng.reporters.JUnitReportReporter -->
<testsuite skipped="0" hostname="DESKTOP-LI51MAN" name="com.selenium.basics.ReadExcel2" tests="1" failures="0" timestamp="2021-03-08T14:34:56 IST" time="27.765" errors="0">
  <testcase name="addUser" time="27.765" classname="com.selenium.basics.ReadExcel2"/>
  <system-out/>
</testsuite> <!-- com.selenium.basics.ReadExcel2 -->
