<?xml version="1.0" encoding="UTF-8"?>
<!-- Generated by org.testng.reporters.JUnitReportReporter -->
<testsuite hostname="DESKTOP-LI51MAN" failures="0" tests="1" name="com.selenium.basics.DashBoardTest" time="17.600" errors="0" timestamp="2021-02-08T11:30:06 IST" skipped="0">
  <testcase classname="com.selenium.basics.DashBoardTest" name="LoginPage" time="17.600"/>
  <system-out/>
</testsuite> <!-- com.selenium.basics.DashBoardTest -->
