<?xml version="1.0" encoding="UTF-8"?>
<!-- Generated by org.testng.reporters.JUnitReportReporter -->
<testsuite skipped="0" hostname="DESKTOP-LI51MAN" name="com.selenium.basics.Jan25Batch" tests="3" failures="0" timestamp="2021-03-03T20:02:55 IST" time="26.986" errors="0">
  <testcase name="verifyLogo" time="8.213" classname="com.selenium.basics.Jan25Batch"/>
  <system-out/>
  <testcase name="VerifyCourses" time="11.805" classname="com.selenium.basics.Jan25Batch"/>
  <system-out/>
  <testcase name="VefifyDept" time="6.968" classname="com.selenium.basics.Jan25Batch"/>
  <system-out/>
</testsuite> <!-- com.selenium.basics.Jan25Batch -->
