<?xml version="1.0" encoding="UTF-8"?>
<!-- Generated by org.testng.reporters.JUnitReportReporter -->
<testsuite skipped="0" hostname="DESKTOP-LI51MAN" name="com.selenium.basics.ReadExcel" tests="2" failures="0" timestamp="2021-02-26T10:17:31 IST" time="8.135" errors="0">
  <testcase name="test02" time="0.056" classname="com.selenium.basics.ReadExcel"/>
  <system-out/>
  <testcase name="loginUsingExcel" time="8.079" classname="com.selenium.basics.ReadExcel"/>
  <system-out/>
</testsuite> <!-- com.selenium.basics.ReadExcel -->
