<?xml version="1.0" encoding="UTF-8"?>
<!-- Generated by org.testng.reporters.JUnitReportReporter -->
<testsuite skipped="0" hostname="DESKTOP-LI51MAN" name="com.selenium.basics.TestUserPage" tests="1" failures="0" timestamp="2021-03-23T20:50:41 IST" time="0.197" errors="0">
  <testcase name="Headers" time="0.197" classname="com.selenium.basics.TestUserPage"/>
  <system-out/>
</testsuite> <!-- com.selenium.basics.TestUserPage -->
