<?xml version="1.0" encoding="UTF-8"?>
<!-- Generated by org.testng.reporters.JUnitReportReporter -->
<testsuite skipped="0" hostname="DESKTOP-LI51MAN" name="com.selenium.basics.DateConcept" tests="1" failures="0" timestamp="2021-02-12T17:49:17 IST" time="0.020" errors="0">
  <testcase name="fbDateFormat" time="0.020" classname="com.selenium.basics.DateConcept"/>
  <system-out/>
</testsuite> <!-- com.selenium.basics.DateConcept -->
