<?xml version="1.0" encoding="UTF-8"?>
<!-- Generated by org.testng.reporters.JUnitReportReporter -->
<testsuite skipped="0" hostname="DESKTOP-LI51MAN" name="com.selenium.basics.RedBusTest1" tests="1" failures="0" timestamp="2021-03-14T17:25:03 IST" time="26.477" errors="0">
  <testcase name="redbus3" time="26.477" classname="com.selenium.basics.RedBusTest1"/>
  <system-out/>
</testsuite> <!-- com.selenium.basics.RedBusTest1 -->
