<?xml version="1.0" encoding="UTF-8"?>
<!-- Generated by org.testng.reporters.JUnitReportReporter -->
<testsuite skipped="0" hostname="DESKTOP-LI51MAN" name="com.singletonPattern.FreeCrmTest" tests="2" failures="0" timestamp="2021-04-20T18:01:44 IST" time="1.046" errors="0">
  <testcase name="verifyFreeCrmTitleTest" time="0.163" classname="com.singletonPattern.FreeCrmTest"/>
  <system-out/>
  <testcase name="verifyImage" time="0.883" classname="com.singletonPattern.FreeCrmTest"/>
  <system-out/>
</testsuite> <!-- com.singletonPattern.FreeCrmTest -->
