<?xml version="1.0" encoding="UTF-8"?>
<!-- Generated by org.testng.reporters.JUnitReportReporter -->
<testsuite skipped="0" hostname="DESKTOP-LI51MAN" name="com.selenium.basics.DpWithJxl" tests="7" failures="0" timestamp="2021-02-17T14:09:58 IST" time="29.570" errors="0">
  <testcase name="addUser" time="1.308" classname="com.selenium.basics.DpWithJxl"/>
  <system-out/>
  <testcase name="addUser" time="1.160" classname="com.selenium.basics.DpWithJxl"/>
  <system-out/>
  <testcase name="addUser" time="0.938" classname="com.selenium.basics.DpWithJxl"/>
  <system-out/>
  <testcase name="logintest" time="8.162" classname="com.selenium.basics.DpWithJxl"/>
  <system-out/>
  <testcase name="logintest" time="7.892" classname="com.selenium.basics.DpWithJxl"/>
  <system-out/>
  <testcase name="logintest" time="9.208" classname="com.selenium.basics.DpWithJxl"/>
  <system-out/>
  <testcase name="addUser" time="0.902" classname="com.selenium.basics.DpWithJxl"/>
  <system-out/>
</testsuite> <!-- com.selenium.basics.DpWithJxl -->
