<?xml version="1.0" encoding="UTF-8"?>
<!-- Generated by org.testng.reporters.JUnitReportReporter -->
<testsuite skipped="0" hostname="DESKTOP-LI51MAN" name="com.SDET.AUTOIT.AutoIT1" tests="1" failures="0" timestamp="2021-04-20T19:11:40 IST" time="22.482" errors="0">
  <testcase name="main" time="22.482" classname="com.SDET.AUTOIT.AutoIT1"/>
  <system-out/>
</testsuite> <!-- com.SDET.AUTOIT.AutoIT1 -->
