<?xml version="1.0" encoding="UTF-8"?>
<!-- Generated by org.testng.reporters.JUnitReportReporter -->
<testsuite skipped="0" hostname="DESKTOP-LI51MAN" name="com.selenium.basics.MyPrimeWeb" tests="1" failures="0" timestamp="2021-03-25T00:19:44 IST" time="26.303" errors="0">
  <testcase name="elementTest" time="26.303" classname="com.selenium.basics.MyPrimeWeb"/>
  <system-out/>
</testsuite> <!-- com.selenium.basics.MyPrimeWeb -->
