<?xml version="1.0" encoding="UTF-8"?>
<!-- Generated by org.testng.reporters.JUnitReportReporter -->
<testsuite skipped="0" hostname="DESKTOP-LI51MAN" name="GoogleSearch.GoogleRobotClass" tests="1" failures="0" timestamp="2021-03-19T15:51:49 IST" time="49.212" errors="0">
  <testcase name="googleSearchRobot" time="49.212" classname="GoogleSearch.GoogleRobotClass"/>
  <system-out/>
</testsuite> <!-- GoogleSearch.GoogleRobotClass -->
