<?xml version="1.0" encoding="UTF-8"?>
<!-- Generated by org.testng.reporters.JUnitReportReporter -->
<testsuite skipped="0" hostname="DESKTOP-LI51MAN" name="com.selenium.basics.ResdBus2" tests="1" failures="0" timestamp="2021-03-03T17:01:23 IST" time="41.194" errors="0">
  <testcase name="redbus02" time="41.194" classname="com.selenium.basics.ResdBus2"/>
  <system-out/>
</testsuite> <!-- com.selenium.basics.ResdBus2 -->
